This is pdfTeX, Version 3.1415926-1.40.10 (MiKTeX 2.8) (preloaded format=pdflatex 2011.4.30)  10 MAY 2011 09:28
entering extended mode
**jsm2011-proofofwork.tex
(C:\Users\shden\Work\Articles\jsm2011\jsm2011-proofofwork.tex
LaTeX2e <2005/12/01>
Babel <v3.8l> and hyphenation patterns for english, dumylang, nohyphenation, ge
rman, ngerman, german-x-2009-06-19, ngerman-x-2009-06-19, french, loaded.
("C:\Program Files (x86)\MiKTeX 2.8\tex\latex\base\article.cls"
Document Class: article 2005/09/16 v1.4f Standard LaTeX document class
("C:\Program Files (x86)\MiKTeX 2.8\tex\latex\base\size10.clo"
File: size10.clo 2005/09/16 v1.4f Standard LaTeX file (size option)
)
\c@part=\count79
\c@section=\count80
\c@subsection=\count81
\c@subsubsection=\count82
\c@paragraph=\count83
\c@subparagraph=\count84
\c@figure=\count85
\c@table=\count86
\abovecaptionskip=\skip41
\belowcaptionskip=\skip42
\bibindent=\dimen102
)
("C:\Program Files (x86)\MiKTeX 2.8\tex\latex\hyperref\hyperref.sty"
Package: hyperref 2009/09/10 v6.78u Hypertext links for LaTeX

("C:\Program Files (x86)\MiKTeX 2.8\tex\latex\graphics\keyval.sty"
Package: keyval 1999/03/16 v1.13 key=value parser (DPC)
\KV@toks@=\toks14
)
("C:\Program Files (x86)\MiKTeX 2.8\tex\generic\oberdiek\ifpdf.sty"
Package: ifpdf 2009/04/10 v2.0 Provides the ifpdf switch (HO)
Package ifpdf Info: pdfTeX in pdf mode detected.
)
("C:\Program Files (x86)\MiKTeX 2.8\tex\generic\oberdiek\ifvtex.sty"
Package: ifvtex 2008/11/04 v1.4 Switches for detecting VTeX and its modes (HO)
Package ifvtex Info: VTeX not detected.
)
("C:\Program Files (x86)\MiKTeX 2.8\tex\latex\ifxetex\ifxetex.sty"
Package: ifxetex 2009/01/23 v0.5 Provides ifxetex conditional
)
("C:\Program Files (x86)\MiKTeX 2.8\tex\latex\oberdiek\hycolor.sty"
Package: hycolor 2008/09/08 v1.4 Code for color options of hyperref/bookmark (H
O)

("C:\Program Files (x86)\MiKTeX 2.8\tex\latex\oberdiek\xcolor-patch.sty"
Package: xcolor-patch 2008/09/08 xcolor patch
))
\@linkdim=\dimen103
\Hy@linkcounter=\count87
\Hy@pagecounter=\count88

("C:\Program Files (x86)\MiKTeX 2.8\tex\latex\hyperref\pd1enc.def"
File: pd1enc.def 2009/09/10 v6.78u Hyperref: PDFDocEncoding definition (HO)
)
("C:\Program Files (x86)\MiKTeX 2.8\tex\generic\oberdiek\etexcmds.sty"
Package: etexcmds 2007/12/12 v1.2 Prefix for e-TeX command names (HO)

("C:\Program Files (x86)\MiKTeX 2.8\tex\generic\oberdiek\infwarerr.sty"
Package: infwarerr 2007/09/09 v1.2 Providing info/warning/message (HO)
)
Package etexcmds Info: Could not find \expanded.
(etexcmds)             That can mean that you are not using pdfTeX 1.50 or
(etexcmds)             that some package has redefined \expanded.
(etexcmds)             In the latter case, load this package earlier.
)
("C:\Program Files (x86)\MiKTeX 2.8\tex\latex\00miktex\hyperref.cfg"
File: hyperref.cfg 2002/06/06 v1.2 hyperref configuration of TeXLive
)
("C:\Program Files (x86)\MiKTeX 2.8\tex\latex\oberdiek\kvoptions.sty"
Package: kvoptions 2009/08/13 v3.4 Keyval support for LaTeX options (HO)

("C:\Program Files (x86)\MiKTeX 2.8\tex\generic\oberdiek\kvsetkeys.sty"
Package: kvsetkeys 2009/07/30 v1.5 Key value parser with default handler suppor
t (HO)
))
Package hyperref Info: Hyper figures OFF on input line 2975.
Package hyperref Info: Link nesting OFF on input line 2980.
Package hyperref Info: Hyper index ON on input line 2983.
Package hyperref Info: Plain pages OFF on input line 2990.
Package hyperref Info: Backreferencing OFF on input line 2995.

Implicit mode ON; LaTeX internals redefined
Package hyperref Info: Bookmarks ON on input line 3191.
("C:\Program Files (x86)\MiKTeX 2.8\tex\latex\ltxmisc\url.sty"
\Urlmuskip=\muskip10
Package: url 2006/04/12  ver 3.3  Verb mode for urls, etc.
)
LaTeX Info: Redefining \url on input line 3428.

("C:\Program Files (x86)\MiKTeX 2.8\tex\generic\oberdiek\bitset.sty"
Package: bitset 2007/09/28 v1.0 Data type bit set (HO)

("C:\Program Files (x86)\MiKTeX 2.8\tex\generic\oberdiek\intcalc.sty"
Package: intcalc 2007/09/27 v1.1 Expandable integer calculations (HO)
)
("C:\Program Files (x86)\MiKTeX 2.8\tex\generic\oberdiek\bigintcalc.sty"
Package: bigintcalc 2007/11/11 v1.1 Expandable big integer calculations (HO)

("C:\Program Files (x86)\MiKTeX 2.8\tex\generic\oberdiek\pdftexcmds.sty"
Package: pdftexcmds 2009/04/10 v0.4 LuaTeX support for pdfTeX utility functions
 (HO)

("C:\Program Files (x86)\MiKTeX 2.8\tex\generic\oberdiek\ifluatex.sty"
Package: ifluatex 2009/04/17 v1.2 Provides the ifluatex switch (HO)
Package ifluatex Info: LuaTeX not detected.
)
Package pdftexcmds Info: LuaTeX not detected on input line 144.
)))
\Fld@menulength=\count89
\Field@Width=\dimen104
\Fld@charsize=\dimen105
\Field@toks=\toks15
Package hyperref Info: Hyper figures OFF on input line 4346.
Package hyperref Info: Link nesting OFF on input line 4351.
Package hyperref Info: Hyper index ON on input line 4354.
Package hyperref Info: backreferencing OFF on input line 4361.
Package hyperref Info: Link coloring OFF on input line 4366.
Package hyperref Info: Link coloring with OCG OFF on input line 4371.
Package hyperref Info: PDF/A mode OFF on input line 4376.

("C:\Program Files (x86)\MiKTeX 2.8\tex\generic\oberdiek\atbegshi.sty"
Package: atbegshi 2008/07/31 v1.9 At begin shipout hook (HO)
)
\Hy@abspage=\count90
\c@Item=\count91
\c@Hfootnote=\count92
)
*hyperref using default driver hpdftex*
("C:\Program Files (x86)\MiKTeX 2.8\tex\latex\hyperref\hpdftex.def"
File: hpdftex.def 2009/09/10 v6.78u Hyperref driver for pdfTeX
\Fld@listcount=\count93
)
(C:\Users\shden\AppData\Roaming\MiKTeX\2.8\tex\latex\harvard\harvard.sty
Package: harvard 

("C:\Program Files (x86)\MiKTeX 2.8\tex\latex\base\ifthen.sty"
Package: ifthen 2001/05/26 v1.1c Standard LaTeX ifthen package (DPC)
)
(C:\Users\shden\AppData\Roaming\MiKTeX\2.8\tex\latex\latex2html\html.sty
Package: html 1999/07/19 v1.38 hypertext commands for latex2html (nd, hws, rrm)

\c@lpart=\count94
\c@lchapter=\count95
\c@chapter=\count96
\c@lsection=\count97
\c@lsubsection=\count98
\c@lsubsubsection=\count99
\c@lparagraph=\count100
\c@lsubparagraph=\count101
\c@lsubsubparagraph=\count102
\ptrfile=\write3
))
("C:\Program Files (x86)\MiKTeX 2.8\tex\latex\ams\classes\amsthm.sty"
Package: amsthm 2004/08/06 v2.20
\thm@style=\toks16
\thm@bodyfont=\toks17
\thm@headfont=\toks18
\thm@notefont=\toks19
\thm@headpunct=\toks20
\thm@preskip=\skip43
\thm@postskip=\skip44
\thm@headsep=\skip45
\dth@everypar=\toks21
)
("C:\Program Files (x86)\MiKTeX 2.8\tex\latex\amsfonts\amsfonts.sty"
Package: amsfonts 2009/06/22 v3.00 Basic AMSFonts support
\@emptytoks=\toks22
\symAMSa=\mathgroup4
\symAMSb=\mathgroup5
LaTeX Font Info:    Overwriting math alphabet `\mathfrak' in version `bold'
(Font)                  U/euf/m/n --> U/euf/b/n on input line 96.
)
("C:\Program Files (x86)\MiKTeX 2.8\tex\latex\ams\math\amsmath.sty"
Package: amsmath 2000/07/18 v2.13 AMS math features
\@mathmargin=\skip46

For additional information on amsmath, use the `?' option.
("C:\Program Files (x86)\MiKTeX 2.8\tex\latex\ams\math\amstext.sty"
Package: amstext 2000/06/29 v2.01

("C:\Program Files (x86)\MiKTeX 2.8\tex\latex\ams\math\amsgen.sty"
File: amsgen.sty 1999/11/30 v2.0
\@emptytoks=\toks23
\ex@=\dimen106
))
("C:\Program Files (x86)\MiKTeX 2.8\tex\latex\ams\math\amsbsy.sty"
Package: amsbsy 1999/11/29 v1.2d
\pmbraise@=\dimen107
)
("C:\Program Files (x86)\MiKTeX 2.8\tex\latex\ams\math\amsopn.sty"
Package: amsopn 1999/12/14 v2.01 operator names
)
\inf@bad=\count103
LaTeX Info: Redefining \frac on input line 211.
\uproot@=\count104
\leftroot@=\count105
LaTeX Info: Redefining \overline on input line 307.
\classnum@=\count106
\DOTSCASE@=\count107
LaTeX Info: Redefining \ldots on input line 379.
LaTeX Info: Redefining \dots on input line 382.
LaTeX Info: Redefining \cdots on input line 467.
\Mathstrutbox@=\box26
\strutbox@=\box27
\big@size=\dimen108
LaTeX Font Info:    Redeclaring font encoding OML on input line 567.
LaTeX Font Info:    Redeclaring font encoding OMS on input line 568.
\macc@depth=\count108
\c@MaxMatrixCols=\count109
\dotsspace@=\muskip11
\c@parentequation=\count110
\dspbrk@lvl=\count111
\tag@help=\toks24
\row@=\count112
\column@=\count113
\maxfields@=\count114
\andhelp@=\toks25
\eqnshift@=\dimen109
\alignsep@=\dimen110
\tagshift@=\dimen111
\tagwidth@=\dimen112
\totwidth@=\dimen113
\lineht@=\dimen114
\@envbody=\toks26
\multlinegap=\skip47
\multlinetaggap=\skip48
\mathdisplay@stack=\toks27
LaTeX Info: Redefining \[ on input line 2666.
LaTeX Info: Redefining \] on input line 2667.
)
(C:\Users\shden\AppData\Roaming\MiKTeX\2.8\tex\latex\enumitem\enumitem.sty
Package: enumitem 2009/05/18 v2.2 Customized lists
\enit@toks=\toks28
\labelindent=\skip49
\enit@outerparindent=\dimen115
\enitdp@desc=\count115
)
("C:\Program Files (x86)\MiKTeX 2.8\tex\latex\graphics\graphicx.sty"
Package: graphicx 1999/02/16 v1.0f Enhanced LaTeX Graphics (DPC,SPQR)

("C:\Program Files (x86)\MiKTeX 2.8\tex\latex\graphics\graphics.sty"
Package: graphics 2006/02/20 v1.0o Standard LaTeX Graphics (DPC,SPQR)

("C:\Program Files (x86)\MiKTeX 2.8\tex\latex\graphics\trig.sty"
Package: trig 1999/03/16 v1.09 sin cos tan (DPC)
)
("C:\Program Files (x86)\MiKTeX 2.8\tex\latex\00miktex\graphics.cfg"
File: graphics.cfg 2007/01/18 v1.5 graphics configuration of teTeX/TeXLive
)
Package graphics Info: Driver file: pdftex.def on input line 90.

("C:\Program Files (x86)\MiKTeX 2.8\tex\latex\pdftex-def\pdftex.def"
File: pdftex.def 2009/08/25 v0.04m Graphics/color for pdfTeX
\Gread@gobject=\count116
))
\Gin@req@height=\dimen116
\Gin@req@width=\dimen117
)
("C:\Program Files (x86)\MiKTeX 2.8\tex\latex\multirow\multirow.sty"
\bigstrutjot=\dimen118
)
(C:\Users\shden\AppData\Roaming\MiKTeX\2.8\tex\latex\bbm\bbm.sty
Package: bbm 1999/03/15 V 1.2 provides fonts for set symbols - TH
LaTeX Font Info:    Overwriting math alphabet `\mathbbm' in version `bold'
(Font)                  U/bbm/m/n --> U/bbm/bx/n on input line 33.
LaTeX Font Info:    Overwriting math alphabet `\mathbbmss' in version `bold'
(Font)                  U/bbmss/m/n --> U/bbmss/bx/n on input line 35.
)
("C:\Program Files (x86)\MiKTeX 2.8\tex\latex\amsfonts\amssymb.sty"
Package: amssymb 2009/06/22 v3.00
)
("C:\Program Files (x86)\MiKTeX 2.8\tex\latex\jknappen\mathrsfs.sty"
Package: mathrsfs 1996/01/01 Math RSFS package v1.0 (jk)
\symrsfs=\mathgroup6
)
(C:\Users\shden\AppData\Roaming\MiKTeX\2.8\tex\latex\appendix\appendix.sty
Package: appendix 2009/09/02 v1.2b extra appendix facilities
\c@@pps=\count117
\c@@ppsavesec=\count118
\c@@ppsaveapp=\count119
)
(C:\Users\shden\AppData\Roaming\MiKTeX\2.8\tex\latex\algorithms\algorithm.sty
Package: algorithm 2009/08/24 v0.1 Document Style `algorithm' - floating enviro
nment

("C:\Program Files (x86)\MiKTeX 2.8\tex\latex\float\float.sty"
Package: float 2001/11/08 v1.3d Float enhancements (AL)
\c@float@type=\count120
\float@exts=\toks29
\float@box=\box28
\@float@everytoks=\toks30
\@floatcapt=\box29
)
\@float@every@algorithm=\toks31
\c@algorithm=\count121
)
(C:\Users\shden\AppData\Roaming\MiKTeX\2.8\tex\latex\algorithms\algorithmic.sty
Package: algorithmic 2009/08/24 v0.1 Document Style `algorithmic'
\c@ALC@unique=\count122
\c@ALC@line=\count123
\c@ALC@rem=\count124
\c@ALC@depth=\count125
\ALC@tlm=\skip50
\algorithmicindent=\skip51
) (C:\Users\shden\AppData\Roaming\MiKTeX\2.8\tex\latex\setspace\setspace.sty
Package: setspace 2000/12/01 6.7 Contributed and Supported LaTeX2e package

Package: `setspace' 6.7 <2000/12/01>
)
\c@thm=\count126
 (C:\Users\shden\Work\Articles\jsm2011\jsm2011-proofofwork.aux)
LaTeX Font Info:    Checking defaults for OML/cmm/m/it on input line 124.
LaTeX Font Info:    ... okay on input line 124.
LaTeX Font Info:    Checking defaults for T1/cmr/m/n on input line 124.
LaTeX Font Info:    ... okay on input line 124.
LaTeX Font Info:    Checking defaults for OT1/cmr/m/n on input line 124.
LaTeX Font Info:    ... okay on input line 124.
LaTeX Font Info:    Checking defaults for OMS/cmsy/m/n on input line 124.
LaTeX Font Info:    ... okay on input line 124.
LaTeX Font Info:    Checking defaults for OMX/cmex/m/n on input line 124.
LaTeX Font Info:    ... okay on input line 124.
LaTeX Font Info:    Checking defaults for U/cmr/m/n on input line 124.
LaTeX Font Info:    ... okay on input line 124.
LaTeX Font Info:    Checking defaults for PD1/pdf/m/n on input line 124.
LaTeX Font Info:    ... okay on input line 124.
Package hyperref Info: Link coloring OFF on input line 124.

("C:\Program Files (x86)\MiKTeX 2.8\tex\latex\hyperref\nameref.sty"
Package: nameref 2007/05/29 v2.31 Cross-referencing by name of section

("C:\Program Files (x86)\MiKTeX 2.8\tex\latex\oberdiek\refcount.sty"
Package: refcount 2008/08/11 v3.1 Data extraction from references (HO)
)
\c@section@level=\count127
)
LaTeX Info: Redefining \ref on input line 124.
LaTeX Info: Redefining \pageref on input line 124.

(C:\Users\shden\Work\Articles\jsm2011\jsm2011-proofofwork.out)
(C:\Users\shden\Work\Articles\jsm2011\jsm2011-proofofwork.out)
\@outlinefile=\write4
\AtBeginShipoutBox=\box30

("C:\Program Files (x86)\MiKTeX 2.8\tex\context\base\supp-pdf.tex"
[Loading MPS to PDF converter (version 2006.09.02).]
\scratchcounter=\count128
\scratchdimen=\dimen119
\scratchbox=\box31
\nofMPsegments=\count129
\nofMParguments=\count130
\everyMPshowfont=\toks32
\MPscratchCnt=\count131
\MPscratchDim=\dimen120
\MPnumerator=\count132
\everyMPtoPDFconversion=\toks33
)
LaTeX Font Info:    Try loading font information for U+msa on input line 149.
 ("C:\Program Files (x86)\MiKTeX 2.8\tex\latex\amsfonts\umsa.fd"
File: umsa.fd 2009/06/22 v3.00 AMS symbols A
)
LaTeX Font Info:    Try loading font information for U+msb on input line 149.

("C:\Program Files (x86)\MiKTeX 2.8\tex\latex\amsfonts\umsb.fd"
File: umsb.fd 2009/06/22 v3.00 AMS symbols B
)
LaTeX Font Info:    Try loading font information for U+rsfs on input line 149.

("C:\Program Files (x86)\MiKTeX 2.8\tex\latex\jknappen\ursfs.fd"
File: ursfs.fd 1998/03/24 rsfs font definition file (jk)
) [1

{C:/Users/shden/AppData/Local/MiKTeX/2.8/pdftex/config/pdftex.map}] [2]
Overfull \hbox (10.88734pt too wide) in paragraph at lines 213--214
\OT1/cmr/m/n/10 prove [], we first ap-ply con-di-tional vari-ance for-mula by c
on-di-tion-ing on $(\OML/cmm/m/it/10 []; []; K[]; i \OT1/cmr/m/n/10 =$
 []


Overfull \hbox (0.70459pt too wide) in paragraph at lines 222--224
$[] \OML/cmm/m/it/10 w[][]$ \OT1/cmr/m/n/10 bounded) and the last equa-tion is
 from $[] \OML/cmm/m/it/10 w[] \OT1/cmr/m/n/10 = 1$. Since $(\OML/cmm/m/it/10 
[]; []\OT1/cmr/m/n/10 )\OML/cmm/m/it/10 ; []$
 []

[3] [4]

LaTeX Warning: Reference `basicformula' on page 5 undefined on input line 267.


Overfull \hbox (21.12605pt too wide) in paragraph at lines 273--273
[] 
 []

[5]

LaTeX Warning: Reference `prop0' on page 6 undefined on input line 305.


Overfull \hbox (11.03145pt too wide) in paragraph at lines 315--315
[] 
 []


Overfull \hbox (8.28107pt too wide) in paragraph at lines 321--321
[] 
 []

[6]
Overfull \hbox (23.44287pt too wide) in paragraph at lines 370--370
[] 
 []

[7]

Package hyperref Warning: Token not allowed in a PDF string (PDFDocEncoding):
(hyperref)                removing `math shift' on input line 389.


Package hyperref Warning: Token not allowed in a PDF string (PDFDocEncoding):
(hyperref)                removing `subscript' on input line 389.


Package hyperref Warning: Token not allowed in a PDF string (PDFDocEncoding):
(hyperref)                removing `math shift' on input line 389.

<kpois6.pdf, id=170, 1011.78pt x 505.89pt>
File: kpois6.pdf Graphic file (type pdf)
 <use kpois6.pdf>

Package hyperref Warning: Token not allowed in a PDF string (PDFDocEncoding):
(hyperref)                removing `math shift' on input line 406.


Package hyperref Warning: Token not allowed in a PDF string (PDFDocEncoding):
(hyperref)                removing `subscript' on input line 406.


Package hyperref Warning: Token not allowed in a PDF string (PDFDocEncoding):
(hyperref)                removing `math shift' on input line 406.

<kfixed5.pdf, id=173, 1011.78pt x 505.89pt>
File: kfixed5.pdf Graphic file (type pdf)
 <use kfixed5.pdf>
(C:\Users\shden\Work\Articles\jsm2011\jsm2011-proofofwork.bbl

LaTeX Warning: Empty `thebibliography' environment on input line 3.

) [8] [9pdfTeX warning (ext4): destination with the same identifier (name{figur
e.1}) has been already used, duplicate ignored

\AtBegShi@Output ...ipout \box \AtBeginShipoutBox 
                                                  \fi \fi 
l.422 \end{document}
                    pdfTeX warning (ext4): destination with the same identifier
 (name{figure.2}) has been already used, duplicate ignored

\AtBegShi@Output ...ipout \box \AtBeginShipoutBox 
                                                  \fi \fi 
l.422 \end{document}
                     <C:/Users/shden/Work/Articles/jsm2011/kpois6.pdf> <C:/User
s/shden/Work/Articles/jsm2011/kfixed5.pdf>]
(C:\Users\shden\Work\Articles\jsm2011\jsm2011-proofofwork.aux)

LaTeX Warning: There were undefined references.

 ) 
Here is how much of TeX's memory you used:
 6177 strings out of 495285
 86495 string characters out of 3179878
 172802 words of memory out of 3000000
 9195 multiletter control sequences out of 15000+200000
 13006 words of font info for 53 fonts, out of 3000000 for 9000
 19 hyphenation exceptions out of 8191
 37i,13n,39p,1128b,384s stack positions out of 5000i,500n,10000p,200000b,50000s
<C:/Program Files (x86)/MiKTeX 2.8/fonts/type1/public/amsfonts/cm/cmbx10.pfb>
<C:/Program Files (x86)/MiKTeX 2.8/fonts/type1/public/amsfonts/cm/cmbx12.pfb><C
:/Program Files (x86)/MiKTeX 2.8/fonts/type1/public/amsfonts/cm/cmex10.pfb><C:/
Program Files (x86)/MiKTeX 2.8/fonts/type1/public/amsfonts/cm/cmmi10.pfb><C:/Pr
ogram Files (x86)/MiKTeX 2.8/fonts/type1/public/amsfonts/cm/cmmi5.pfb><C:/Progr
am Files (x86)/MiKTeX 2.8/fonts/type1/public/amsfonts/cm/cmmi7.pfb><C:/Program 
Files (x86)/MiKTeX 2.8/fonts/type1/public/amsfonts/cm/cmr10.pfb><C:/Program Fil
es (x86)/MiKTeX 2.8/fonts/type1/public/amsfonts/cm/cmr12.pfb><C:/Program Files 
(x86)/MiKTeX 2.8/fonts/type1/public/amsfonts/cm/cmr5.pfb><C:/Program Files (x86
)/MiKTeX 2.8/fonts/type1/public/amsfonts/cm/cmr7.pfb><C:/Program Files (x86)/Mi
KTeX 2.8/fonts/type1/public/amsfonts/cm/cmr8.pfb><C:/Program Files (x86)/MiKTeX
 2.8/fonts/type1/public/amsfonts/cm/cmsy10.pfb><C:/Program Files (x86)/MiKTeX 2
.8/fonts/type1/public/amsfonts/cm/cmsy6.pfb><C:/Program Files (x86)/MiKTeX 2.8/
fonts/type1/public/amsfonts/cm/cmsy7.pfb><C:/Program Files (x86)/MiKTeX 2.8/fon
ts/type1/public/amsfonts/cm/cmsy8.pfb><C:/Program Files (x86)/MiKTeX 2.8/fonts/
type1/public/amsfonts/cm/cmti10.pfb><C:/Program Files (x86)/MiKTeX 2.8/fonts/ty
pe1/public/amsfonts/cm/cmtt8.pfb><C:/Program Files (x86)/MiKTeX 2.8/fonts/type1
/public/amsfonts/symbols/msbm10.pfb><C:/Program Files (x86)/MiKTeX 2.8/fonts/ty
pe1/public/amsfonts/symbols/msbm7.pfb>
Output written on jsm2011-proofofwork.pdf (9 pages, 268636 bytes).
PDF statistics:
 266 PDF objects out of 1000 (max. 8388607)
 53 named destinations out of 1000 (max. 500000)
 143 words of extra memory for PDF output out of 10000 (max. 10000000)

